    Blocking waiting for file lock on package cache
    Blocking waiting for file lock on package cache
    Blocking waiting for file lock on package cache
   Compiling proc-macro2 v1.0.95
   Compiling unicode-ident v1.0.18
   Compiling libc v0.2.173
   Compiling quote v1.0.40
   Compiling syn v2.0.103
   Compiling cfg-if v1.0.1
   Compiling version_check v0.9.5
   Compiling pin-project-lite v0.2.16
   Compiling getrandom v0.2.16
   Compiling memchr v2.7.5
   Compiling once_cell v1.21.3
   Compiling rand_core v0.6.4
   Compiling log v0.4.27
   Compiling smallvec v1.15.1
   Compiling futures-sink v0.3.31
   Compiling slab v0.4.10
   Compiling futures-core v0.3.31
   Compiling typenum v1.18.0
   Compiling synstructure v0.13.2
   Compiling futures-channel v0.3.31
   Compiling generic-array v0.14.7
   Compiling futures-io v0.3.31
   Compiling futures-task v0.3.31
   Compiling bytes v1.10.1
   Compiling futures-macro v0.3.31
   Compiling pin-utils v0.1.0
   Compiling zerocopy v0.8.25
   Compiling shlex v1.3.0
   Compiling futures-util v0.3.31
   Compiling cc v1.2.27
   Compiling zerofrom-derive v0.1.6
   Compiling autocfg v1.4.0
   Compiling lock_api v0.4.13
   Compiling zerofrom v0.1.6
   Compiling yoke-derive v0.8.0
   Compiling stable_deref_trait v1.2.0
   Compiling parking_lot_core v0.9.11
   Compiling yoke v0.8.0
   Compiling tracing-core v0.1.34
   Compiling thiserror v1.0.69
   Compiling scopeguard v1.2.0
   Compiling crypto-common v0.1.6
   Compiling tracing-attributes v0.1.29
   Compiling thiserror-impl v1.0.69
   Compiling zerovec-derive v0.11.1
   Compiling tracing v0.1.41
   Compiling ppv-lite86 v0.2.21
   Compiling displaydoc v0.2.5
   Compiling zerovec v0.11.2
   Compiling subtle v2.6.1
   Compiling serde v1.0.219
   Compiling parking_lot v0.12.4
   Compiling serde_derive v1.0.219
   Compiling semver v1.0.26
   Compiling tinystr v0.8.1
   Compiling zeroize_derive v1.4.2
   Compiling litemap v0.8.0
   Compiling writeable v0.6.1
   Compiling icu_locale_core v2.0.0
   Compiling zeroize v1.8.1
   Compiling rustc_version v0.4.1
   Compiling potential_utf v0.1.2
   Compiling zerotrie v0.2.2
   Compiling rand_chacha v0.3.1
   Compiling num_cpus v1.17.0
   Compiling icu_normalizer_data v2.0.0
   Compiling byteorder v1.5.0
   Compiling icu_properties_data v2.0.1
   Compiling futures-executor v0.3.31
   Compiling rand v0.8.5
   Compiling icu_provider v2.0.0
   Compiling icu_collections v2.0.0
   Compiling block-buffer v0.10.4
   Compiling cpufeatures v0.2.17
   Compiling fnv v1.0.7
   Compiling digest v0.10.7
   Compiling futures v0.3.31
   Compiling icu_properties v2.0.1
   Compiling icu_normalizer v2.0.0
   Compiling thiserror v2.0.12
   Compiling percent-encoding v2.3.1
   Compiling form_urlencoded v1.2.1
   Compiling idna_adapter v1.2.1
   Compiling curve25519-dalek v4.1.3
   Compiling thiserror-impl v2.0.12
   Compiling utf8_iter v1.0.4
   Compiling idna v1.0.3
   Compiling curve25519-dalek-derive v0.1.1
   Compiling pin-project-internal v1.1.10
   Compiling equivalent v1.0.2
   Compiling data-encoding v2.9.0
   Compiling foldhash v0.1.5
   Compiling allocator-api2 v0.2.21
   Compiling pin-project v1.1.10
   Compiling hashbrown v0.15.4
   Compiling url v2.5.4
   Compiling arrayref v0.3.9
   Compiling static_assertions v1.1.0
   Compiling unsigned-varint v0.8.0
   Compiling signature v2.2.0
   Compiling ed25519 v2.2.3
   Compiling data-encoding-macro-internal v0.1.16
   Compiling hmac v0.12.1
   Compiling sha2 v0.10.9
   Compiling quick-protobuf v0.8.1
   Compiling core2 v0.4.0
   Compiling socket2 v0.5.10
   Compiling multihash v0.19.3
   Compiling data-encoding-macro v0.1.18
   Compiling ed25519-dalek v2.1.1
   Compiling hkdf v0.12.4
   Compiling base-x v0.2.11
   Compiling either v1.15.0
   Compiling bs58 v0.5.1
   Compiling futures-timer v3.0.3
   Compiling libp2p-identity v0.2.11
   Compiling multibase v0.9.1
   Compiling web-time v1.1.0
   Compiling unsigned-varint v0.7.2
   Compiling multiaddr v0.18.2
   Compiling multistream-select v0.13.0
   Compiling rw-stream-sink v0.4.0
   Compiling void v1.0.2
   Compiling ring v0.17.14
   Compiling libp2p-core v0.41.3
   Compiling getrandom v0.3.3
   Compiling anyhow v1.0.98
   Compiling itoa v1.0.15
   Compiling paste v1.0.15
   Compiling vcpkg v0.2.15
   Compiling pkg-config v0.3.32
   Compiling openssl-sys v0.9.109
   Compiling lru v0.12.5
   Compiling tokio-macros v2.5.0
   Compiling signal-hook-registry v1.4.5
   Compiling mio v1.0.4
   Compiling untrusted v0.9.0
   Compiling tokio v1.45.1
   Compiling netlink-packet-utils v0.5.2
   Compiling instant v0.1.13
   Compiling heck v0.5.0
   Compiling ipnet v2.11.0
   Compiling tinyvec_macros v0.1.1
   Compiling bitflags v2.9.1
   Compiling tinyvec v1.9.0
   Compiling libp2p-swarm v0.44.2
   Compiling netlink-packet-core v0.7.0
   Compiling base64 v0.21.7
   Compiling openssl-probe v0.1.6
   Compiling bitflags v1.3.2
   Compiling indexmap v2.9.0
   Compiling netlink-sys v0.8.7
   Compiling openssl v0.10.73
   Compiling foreign-types-shared v0.1.1
   Compiling crossbeam-utils v0.8.21
   Compiling foreign-types v0.3.2
   Compiling netlink-proto v0.11.5
   Compiling nix v0.26.4
   Compiling netlink-packet-route v0.17.1
   Compiling enum-as-inner v0.6.1
   Compiling rand_core v0.9.3
   Compiling http v0.2.12
   Compiling asynchronous-codec v0.7.0
   Compiling async-trait v0.1.88
   Compiling openssl-macros v0.1.1
   Compiling aho-corasick v1.1.3
   Compiling regex-syntax v0.8.5
   Compiling native-tls v0.2.14
   Compiling httparse v1.10.1
   Compiling regex-automata v0.4.9
   Compiling hickory-proto v0.24.4
   Compiling rand_chacha v0.9.0
   Compiling rtnetlink v0.13.1
   Compiling rustls-pemfile v1.0.4
   Compiling tokio-util v0.7.15
   Compiling snow v0.9.6
   Compiling blake3 v1.8.2
   Compiling ring v0.16.20
   Compiling nohash-hasher v0.2.0
   Compiling prometheus-client v0.22.3
   Compiling linked-hash-map v0.5.6
   Compiling try-lock v0.2.5
   Compiling rustls v0.21.12
   Compiling lru-cache v0.1.2
   Compiling want v0.3.1
   Compiling h2 v0.3.26
